2025-05-19T09:01:00Z | Discovering themes in 'ext/themes'...
2025-05-19T09:01:00Z | Theme discovery complete. Processed 0 entries, found 0 valid themes in 'ext/themes'.
2025-05-19T09:01:00Z | Installing theme from source 'https://raw.githubusercontent.com/OG-Open-Source/PanelBase_dev/main/panel/theme.yaml'...
2025-05-19T09:01:00Z |   Fetching and validating theme definition...
2025-05-19T09:01:00Z |     Fetching definition from source 'https://raw.githubusercontent.com/OG-Open-Source/PanelBase_dev/main/panel/theme.yaml'...
2025-05-19T09:01:00Z |     Processing definition from 'https://raw.githubusercontent.com/OG-Open-Source/PanelBase_dev/main/panel/theme.yaml'...
2025-05-19T09:01:00Z |     Metadata validated: 'panel' (v1.0.0).
2025-05-19T09:01:00Z |   Determining install action...
2025-05-19T09:01:00Z |     No existing theme with SourceLink 'https://raw.githubusercontent.com/OG-Open-Source/PanelBase_dev/main/panel/theme.yaml' found. Proceeding with new installation for 'panel' (v1.0.0).
2025-05-19T09:01:00Z |     Action determined: 0, Target ID for install: '<new_id_to_be_generated>'
2025-05-19T09:01:00Z |   Preparing directory 'ext/themes/<new_id_to_be_generated>' for theme 'panel'...
2025-05-19T09:01:00Z |     New theme installation, generated Target ID: 'thm_elBEP9Llwmmv'.
2025-05-19T09:01:00Z |     Directory prepared: 'ext\themes\thm_elBEP9Llwmmv' (ID: 'thm_elBEP9Llwmmv').
2025-05-19T09:01:00Z |   Downloading 0 assets for theme 'panel' (v1.0.0):
2025-05-19T09:01:00Z |     [1/0] Downloading 'website.html' (from map)...
2025-05-19T09:01:01Z |     [1/0] Verified 'website.html' (from map).
2025-05-19T09:01:01Z |     [2/0] Downloading 'filemanager.html' (from map)...
2025-05-19T09:01:01Z |     [2/0] Checksum mismatch for 'filemanager.html'. Expected: 69c6e213ce852c6aeea1c3878ed39f279d0e40ee7df67de0718d8f352727c449, Got: bc0a26986a07c16a83539d884d240e16114a4dcec180f1a2a9803b279136fee3
2025-05-19T09:01:01Z |     Asset download failed for theme 'panel' (v1.0.0).
2025-05-19T09:01:01Z |     Cleaning up directory 'ext\themes\thm_elBEP9Llwmmv' due to download error.
