2025-05-13T15:42:50Z | Discovering themes in 'ext/themes'...
2025-05-13T15:42:50Z | Theme discovery complete. Processed 2 entries, found 0 valid themes in 'ext/themes'.
2025-05-13T15:42:50Z | Installing theme from source 'https://raw.githubusercontent.com/OG-Open-Source/PanelBase_dev/main/panel/theme.yaml'...
2025-05-13T15:42:50Z |   Fetching and validating theme definition...
2025-05-13T15:42:50Z |     Fetching definition from source 'https://raw.githubusercontent.com/OG-Open-Source/PanelBase_dev/main/panel/theme.yaml'...
2025-05-13T15:42:51Z |     Processing definition from 'https://raw.githubusercontent.com/OG-Open-Source/PanelBase_dev/main/panel/theme.yaml'...
2025-05-13T15:42:51Z |     DEBUG: After Unmarshal, m.SourceLink is: 'https://raw.githubusercontent.com/OG-Open-Source/PanelBase_dev/main/panel/theme.yaml'
2025-05-13T15:42:51Z |     Metadata validated: 'panel' (v1.0.0).
2025-05-13T15:42:51Z |   Determining install action...
2025-05-13T15:42:51Z |     No existing theme with SourceLink 'https://raw.githubusercontent.com/OG-Open-Source/PanelBase_dev/main/panel/theme.yaml' found. Proceeding with new installation for 'panel' (v1.0.0).
2025-05-13T15:42:51Z |     Action determined: 0, Target ID for install: '<new_id_to_be_generated>'
2025-05-13T15:42:51Z |   Preparing directory 'ext/themes/<new_id_to_be_generated>' for theme 'panel'...
2025-05-13T15:42:51Z |     New theme installation, generated Target ID: 'thm_15ctvK1fUjt9'.
2025-05-13T15:42:51Z |     Directory prepared: 'ext\themes\thm_15ctvK1fUjt9' (ID: 'thm_15ctvK1fUjt9').
2025-05-13T15:42:51Z |   Downloading 0 assets for theme 'panel' (v1.0.0):
2025-05-13T15:42:51Z |     [1/0] Downloading 'settings.html' (from map)...
2025-05-13T15:42:51Z |     DEBUG: Hashing file ext\themes\thm_15ctvK1fUjt9\settings.html (from map), size from Stat(): 13069
2025-05-13T15:42:51Z |     DEBUG: Copied 13069 bytes to hasher for ext\themes\thm_15ctvK1fUjt9\settings.html (from map)
2025-05-13T15:42:51Z |     [1/0] Checksum mismatch for 'settings.html'. Expected: 0ce7644c19ca589f4bec4413aa68297bd3e89626c7ad60b43b72478ee7132757, Got: 1c0d93b7d2e18c46e048c0fd2035f58718acadd9120f6ec9cbce4fad00d34036. Downloaded file at: ext\themes\thm_15ctvK1fUjt9\settings.html
2025-05-13T15:42:51Z |     Asset download failed for theme 'panel' (v1.0.0).
2025-05-13T15:42:51Z |     Cleaning up directory 'ext\themes\thm_15ctvK1fUjt9' due to download error.
