2025-05-19T10:23:32Z | Discovering themes in 'ext/themes'...
2025-05-19T10:23:32Z | Theme discovery complete. Processed 0 entries, found 0 valid themes in 'ext/themes'.
2025-05-19T10:23:32Z | Installing theme from source 'https://raw.githubusercontent.com/OG-Open-Source/PanelBase_dev/main/panel/theme.yaml'...
2025-05-19T10:23:32Z |   Fetching and validating theme definition...
2025-05-19T10:23:32Z |     Fetching definition from source 'https://raw.githubusercontent.com/OG-Open-Source/PanelBase_dev/main/panel/theme.yaml'...
2025-05-19T10:23:32Z |     Processing definition from 'https://raw.githubusercontent.com/OG-Open-Source/PanelBase_dev/main/panel/theme.yaml'...
2025-05-19T10:23:32Z |     Metadata validated: 'panel' (v1.0.0).
2025-05-19T10:23:32Z |   Determining install action...
2025-05-19T10:23:32Z |     No existing theme with SourceLink 'https://raw.githubusercontent.com/OG-Open-Source/PanelBase_dev/main/panel/theme.yaml' found. Proceeding with new installation for 'panel' (v1.0.0).
2025-05-19T10:23:32Z |     Action determined: 0, Target ID for install: '<new_id_to_be_generated>'
2025-05-19T10:23:32Z |   Preparing directory 'ext/themes/<new_id_to_be_generated>' for theme 'panel'...
2025-05-19T10:23:32Z |     New theme installation, generated Target ID: 'thm_hR9GZitvyljQ'.
2025-05-19T10:23:32Z |     Directory prepared: 'ext\themes\thm_hR9GZitvyljQ' (ID: 'thm_hR9GZitvyljQ').
2025-05-19T10:23:32Z |   Downloading 0 assets for theme 'panel' (v1.0.0):
2025-05-19T10:23:32Z |     [1/0] Downloading 'index.html' (from map)...
2025-05-19T10:23:33Z |     [1/0] Verified 'index.html' (from map).
2025-05-19T10:23:33Z |     [2/0] Downloading 'login.html' (from map)...
2025-05-19T10:23:33Z |     [2/0] Checksum mismatch for 'login.html'. Expected: aba54d82a303e64e823e23aaafe7cfa78065863275f7f8614a5a48e71341d7bc, Got: f15f85bb7bb1c692504ce57d321eccc22a97546bfa32543d67d735a59033574a
2025-05-19T10:23:33Z |     Asset download failed for theme 'panel' (v1.0.0).
2025-05-19T10:23:33Z |     Cleaning up directory 'ext\themes\thm_hR9GZitvyljQ' due to download error.
