2025-05-13T15:57:39Z | Discovering themes in 'ext/themes'...
2025-05-13T15:57:39Z | Theme discovery complete. Processed 2 entries, found 0 valid themes in 'ext/themes'.
2025-05-13T15:57:39Z | Installing theme from source 'https://raw.githubusercontent.com/OG-Open-Source/PanelBase_dev/main/panel/theme.yaml'...
2025-05-13T15:57:39Z |   Fetching and validating theme definition...
2025-05-13T15:57:39Z |     Fetching definition from source 'https://raw.githubusercontent.com/OG-Open-Source/PanelBase_dev/main/panel/theme.yaml'...
2025-05-13T15:57:40Z |     Processing definition from 'https://raw.githubusercontent.com/OG-Open-Source/PanelBase_dev/main/panel/theme.yaml'...
2025-05-13T15:57:40Z |     DEBUG: After Unmarshal, m.SourceLink is: 'https://raw.githubusercontent.com/OG-Open-Source/PanelBase_dev/main/panel/theme.yaml'
2025-05-13T15:57:40Z |     Metadata validated: 'panel' (v1.0.0).
2025-05-13T15:57:40Z |   Determining install action...
2025-05-13T15:57:40Z |     No existing theme with SourceLink 'https://raw.githubusercontent.com/OG-Open-Source/PanelBase_dev/main/panel/theme.yaml' found. Proceeding with new installation for 'panel' (v1.0.0).
2025-05-13T15:57:40Z |     Action determined: 0, Target ID for install: '<new_id_to_be_generated>'
2025-05-13T15:57:40Z |   Preparing directory 'ext/themes/<new_id_to_be_generated>' for theme 'panel'...
2025-05-13T15:57:40Z |     New theme installation, generated Target ID: 'thm_oe2mFa2KHlGW'.
2025-05-13T15:57:40Z |     Directory prepared: 'ext\themes\thm_oe2mFa2KHlGW' (ID: 'thm_oe2mFa2KHlGW').
2025-05-13T15:57:40Z |   Downloading 0 assets for theme 'panel' (v1.0.0):
2025-05-13T15:57:40Z |     [1/0] Downloading 'docker.html' (from map)...
2025-05-13T15:57:41Z |     DEBUG: Hashing file ext\themes\thm_oe2mFa2KHlGW\docker.html (from map), size from ReadFile(): 23624
2025-05-13T15:57:41Z |     [1/0] Checksum mismatch for 'docker.html'. Expected: d996867e988f9109832672fb21c452aac3b7e8ce5dbba3fecd81b8105a417497, Got: d80b598d068eca6dcc643d25614c7c67f441e8a23cb7f9bc0e9d953ccb91a802. Downloaded file at: ext\themes\thm_oe2mFa2KHlGW\docker.html
2025-05-13T15:57:41Z |     Asset download failed for theme 'panel' (v1.0.0).
2025-05-13T15:57:41Z |     Cleaning up directory 'ext\themes\thm_oe2mFa2KHlGW' due to download error.
